<?xml version="1.0" encoding="UTF-8"?>
<!-- Generated by org.testng.reporters.JUnitReportReporter -->
<testsuite hostname="DESKTOP-QIFLV03" name="com.inetbanking.Testcases.TC_001_Logintest" tests="1" failures="0" timestamp="13 Jun 2020 17:40:33 GMT" time="6.616" errors="0">
  <testcase name="logintest" time="6.616" classname="com.inetbanking.Testcases.TC_001_Logintest"/>
</testsuite> <!-- com.inetbanking.Testcases.TC_001_Logintest -->
