<?xml version="1.0" encoding="UTF-8"?>
<!-- Generated by org.testng.reporters.JUnitReportReporter -->
<testsuite hostname="DESKTOP-QIFLV03" name="com.inetbanking.Testcases.TC_001_Logintest" tests="1" failures="0" timestamp="9 Jun 2020 08:28:52 GMT" time="3.486" errors="0">
  <testcase name="logintest" time="3.486" classname="com.inetbanking.Testcases.TC_001_Logintest"/>
</testsuite> <!-- com.inetbanking.Testcases.TC_001_Logintest -->
